0 info it worked if it ends with ok
1 verbose cli [ 'node', '/usr/local/bin/npm', 'publish' ]
2 info using npm@1.4.28
3 info using node@v0.10.32
4 verbose publish [ '.' ]
5 verbose cache add [ '.', null ]
6 verbose cache add name=undefined spec="." args=[".",null]
7 verbose parsed url { protocol: null,
7 verbose parsed url   slashes: null,
7 verbose parsed url   auth: null,
7 verbose parsed url   host: null,
7 verbose parsed url   port: null,
7 verbose parsed url   hostname: null,
7 verbose parsed url   hash: null,
7 verbose parsed url   search: null,
7 verbose parsed url   query: null,
7 verbose parsed url   pathname: '.',
7 verbose parsed url   path: '.',
7 verbose parsed url   href: '.' }
8 silly lockFile 3a52ce78- .
9 verbose lock . /Users/tenjou/.npm/3a52ce78-.lock
10 verbose tar pack [ '/Users/tenjou/.npm/dopple/0.0.1-1-alpha/package.tgz', '.' ]
11 verbose tarball /Users/tenjou/.npm/dopple/0.0.1-1-alpha/package.tgz
12 verbose folder .
13 info prepublish dopple@0.0.1-1-alpha
14 silly lockFile 1f1177db-tar tar://.
15 verbose lock tar://. /Users/tenjou/.npm/1f1177db-tar.lock
16 silly lockFile 70aa6dc0-dopple-0-0-1-1-alpha-package-tgz tar:///Users/tenjou/.npm/dopple/0.0.1-1-alpha/package.tgz
17 verbose lock tar:///Users/tenjou/.npm/dopple/0.0.1-1-alpha/package.tgz /Users/tenjou/.npm/70aa6dc0-dopple-0-0-1-1-alpha-package-tgz.lock
18 silly lockFile 1f1177db-tar tar://.
19 silly lockFile 1f1177db-tar tar://.
20 silly lockFile 70aa6dc0-dopple-0-0-1-1-alpha-package-tgz tar:///Users/tenjou/.npm/dopple/0.0.1-1-alpha/package.tgz
21 silly lockFile 70aa6dc0-dopple-0-0-1-1-alpha-package-tgz tar:///Users/tenjou/.npm/dopple/0.0.1-1-alpha/package.tgz
22 silly lockFile 337ea3b9-npm-dopple-0-0-1-1-alpha-package /Users/tenjou/.npm/dopple/0.0.1-1-alpha/package
23 verbose lock /Users/tenjou/.npm/dopple/0.0.1-1-alpha/package /Users/tenjou/.npm/337ea3b9-npm-dopple-0-0-1-1-alpha-package.lock
24 silly lockFile 337ea3b9-npm-dopple-0-0-1-1-alpha-package /Users/tenjou/.npm/dopple/0.0.1-1-alpha/package
25 silly lockFile 337ea3b9-npm-dopple-0-0-1-1-alpha-package /Users/tenjou/.npm/dopple/0.0.1-1-alpha/package
26 silly lockFile 3a52ce78- .
27 silly lockFile 3a52ce78- .
28 silly publish { name: 'dopple',
28 silly publish   version: '0.0.1-1-alpha',
28 silly publish   description: 'Dopple is compiler that generates C or LLVM from JavaScript code.',
28 silly publish   author:
28 silly publish    { name: 'Infinite Foundation',
28 silly publish      email: 'dopple@infinite-games.com' },
28 silly publish   contributors: [ { name: 'Arturs Šefers', email: 'arthur.der.shefer@gmail.com' } ],
28 silly publish   repository:
28 silly publish    { type: 'git',
28 silly publish      url: 'https://github.com/InfiniteFoundation/dopple.git' },
28 silly publish   bugs: { url: 'https://github.com/InfiniteFoundation/dopple/issues' },
28 silly publish   licenses:
28 silly publish    [ { type: 'MPL 2.0',
28 silly publish        url: 'https://github.com/InfiniteFoundation/dopple/blob/master/LICENSE' } ],
28 silly publish   keywords: [ 'native', 'compiler', 'llvm', 'c', 'c++' ],
28 silly publish   preferGlobal: true,
28 silly publish   analyze: true,
28 silly publish   main: './exec.js',
28 silly publish   readme: 'dopple\n======\n\nDopple is compiler that generates C or LLVM from JavaScript code.\n',
28 silly publish   readmeFilename: 'README.md',
28 silly publish   gitHead: '5376538856320a3accc688dae107ffe126cc4b42',
28 silly publish   homepage: 'https://github.com/InfiniteFoundation/dopple',
28 silly publish   _id: 'dopple@0.0.1-1-alpha',
28 silly publish   scripts: {},
28 silly publish   _shasum: '024f5654e54db04a5340629c68aa2a29c6eb62e2',
28 silly publish   _from: '.' }
29 verbose request where is /dopple
30 verbose request registry https://registry.npmjs.org/
31 verbose request id 1b263a3672313c71
32 verbose url raw /dopple
33 verbose url resolving [ 'https://registry.npmjs.org/', './dopple' ]
34 verbose url resolved https://registry.npmjs.org/dopple
35 verbose request where is https://registry.npmjs.org/dopple
36 info trying registry request attempt 1 at 19:06:34
37 http PUT https://registry.npmjs.org/dopple
38 http 403 https://registry.npmjs.org/dopple
39 verbose headers { date: 'Thu, 25 Sep 2014 16:06:36 GMT',
39 verbose headers   server: 'CouchDB/1.5.0 (Erlang OTP/R14B04)',
39 verbose headers   'content-type': 'application/json',
39 verbose headers   'cache-control': 'max-age=60',
39 verbose headers   'content-length': '2885',
39 verbose headers   'accept-ranges': 'bytes',
39 verbose headers   via: '1.1 varnish',
39 verbose headers   'x-served-by': 'cache-ams4133-AMS',
39 verbose headers   'x-cache': 'MISS',
39 verbose headers   'x-cache-hits': '0',
39 verbose headers   'x-timer': 'S1411661195.577383,VS0,VE815',
39 verbose headers   'keep-alive': 'timeout=10, max=50',
39 verbose headers   connection: 'Keep-Alive' }
40 error publish Failed PUT 403
41 error Error: forbidden cannot modify pre-existing version: 0.0.1-1-alpha
41 error old={"name":"dopple","version":"0.0.1-1-alpha","description":"Dopple is compiler that generates C or LLVM from JavaScript code.","author":{"name":"Infinite Foundation","email":"dopple@infinite-games.com"},"contributors":[{"name":"Arturs Šefers","email":"arthur.der.shefer@gmail.com"}],"repository":{"type":"git","url":"https://github.com/InfiniteFoundation/dopple.git"},"bugs":{"url":"https://github.com/InfiniteFoundation/dopple/issues"},"licenses":[{"type":"MPL 2.0","url":"https://github.com/InfiniteFoundation/dopple/blob/master/LICENSE"}],"keywords":["native","compiler","llvm","c","c++"],"preferGlobal":true,"analyze":true,"bin":{"dopple":"./bin/dopple"},"main":"lib/exec.js","gitHead":"5376538856320a3accc688dae107ffe126cc4b42","homepage":"https://github.com/InfiniteFoundation/dopple","_id":"dopple@0.0.1-1-alpha","scripts":{},"_shasum":"dd79e7f586076456edecd7deb22b54833e6ccd96","_from":".","_npmVersion":"1.4.28","_npmUser":{"name":"infinitefnd","email":"dopple@infinite-games.com"},"maintainers":[{"name":"infinitefnd","email":"dopple@infinite-games.com"}],"dist":{"shasum":"dd79e7f586076456edecd7deb22b54833e6ccd96","tarball":"http://registry.npmjs.org/dopple/-/dopple-0.0.1-1-alpha.tgz"}}
41 error new={"name":"dopple","version":"0.0.1-1-alpha","description":"Dopple is compiler that generates C or LLVM from JavaScript code.","author":{"name":"Infinite Foundation","email":"dopple@infinite-games.com"},"contributors":[{"name":"Arturs Šefers","email":"arthur.der.shefer@gmail.com"}],"repository":{"type":"git","url":"https://github.com/InfiniteFoundation/dopple.git"},"bugs":{"url":"https://github.com/InfiniteFoundation/dopple/issues"},"licenses":[{"type":"MPL 2.0","url":"https://github.com/InfiniteFoundation/dopple/blob/master/LICENSE"}],"keywords":["native","compiler","llvm","c","c++"],"preferGlobal":true,"analyze":true,"main":"./exec.js","readme":"dopple\u000a======\u000a\u000aDopple is compiler that generates C or LLVM from JavaScript code.\u000a","readmeFilename":"README.md","gitHead":"5376538856320a3accc688dae107ffe126cc4b42","homepage":"https://github.com/InfiniteFoundation/dopple","_id":"dopple@0.0.1-1-alpha","scripts":{},"_shasum":"024f5654e54db04a5340629c68aa2a29c6eb62e2","_from":".","_npmVersion":"1.4.28","_npmUser":{"name":"infinitefnd","email":"dopple@infinite-games.com"},"maintainers":[{"name":"infinitefnd","email":"dopple@infinite-games.com"}],"dist":{"shasum":"024f5654e54db04a5340629c68aa2a29c6eb62e2","tarball":"http://registry.npmjs.org/dopple/-/dopple-0.0.1-1-alpha.tgz"}}: dopple
41 error     at RegClient.<anonymous> (/usr/local/lib/node_modules/npm/node_modules/npm-registry-client/lib/request.js:308:14)
41 error     at Request._callback (/usr/local/lib/node_modules/npm/node_modules/npm-registry-client/lib/request.js:246:65)
41 error     at Request.self.callback (/usr/local/lib/node_modules/npm/node_modules/request/request.js:236:22)
41 error     at Request.emit (events.js:98:17)
41 error     at Request.<anonymous> (/usr/local/lib/node_modules/npm/node_modules/request/request.js:1142:14)
41 error     at Request.emit (events.js:117:20)
41 error     at IncomingMessage.<anonymous> (/usr/local/lib/node_modules/npm/node_modules/request/request.js:1096:12)
41 error     at IncomingMessage.emit (events.js:117:20)
41 error     at _stream_readable.js:943:16
41 error     at process._tickCallback (node.js:419:13)
42 error If you need help, you may report this *entire* log,
42 error including the npm and node versions, at:
42 error     <http://github.com/npm/npm/issues>
43 error System Darwin 13.3.0
44 error command "node" "/usr/local/bin/npm" "publish"
45 error cwd /Volumes/Workspace/www/meta/dopple
46 error node -v v0.10.32
47 error npm -v 1.4.28
48 verbose exit [ 1, true ]
